2021-04-14 10:31:59,265 [Worker-5: Loading available Gradle versions] INFO  o.e.b.c.i.u.g.PublishedGradleVersions - Gradle version information cache is up-to-date. Trying to read.
2021-04-14 11:23:05,364 [Start Help Server] INFO  org.eclipse.jetty.util.log - Logging initialized @3080917ms to org.eclipse.jetty.util.log.Slf4jLog
2021-04-14 11:23:05,487 [Start Help Server] INFO  org.eclipse.jetty.server.Server - jetty-9.4.29.v20200521; built: 2020-05-27T11:26:53.365Z; git: 77c232aed8a45c818fd27232278d9f95a021095e; jvm 1.8.0_281-b09
2021-04-14 11:23:05,506 [Start Help Server] INFO  org.eclipse.jetty.server.session - DefaultSessionIdManager workerName=node0
2021-04-14 11:23:05,507 [Start Help Server] INFO  org.eclipse.jetty.server.session - No SessionScavenger set, using defaults
2021-04-14 11:23:05,508 [Start Help Server] INFO  org.eclipse.jetty.server.session - node0 Scavenging every 660000ms
2021-04-14 11:23:05,533 [Start Help Server] INFO  o.e.j.server.handler.ContextHandler - Started o.e.j.s.ServletContextHandler@110497e2{/help,null,AVAILABLE}
2021-04-14 11:23:05,549 [Start Help Server] INFO  o.e.jetty.server.AbstractConnector - Started ServerConnector@19a8689f{HTTP/1.1, (http/1.1)}{127.0.0.1:52645}
2021-04-14 11:23:05,549 [Start Help Server] INFO  org.eclipse.jetty.server.Server - Started @3081104ms
2021-04-14 11:23:05,549 [Start Help Server] INFO  org.eclipse.jetty.server.session - node0 Scavenging every 660000ms
2021-04-14 14:18:28,255 [Stop Help Server] INFO  o.e.jetty.server.AbstractConnector - Stopped ServerConnector@19a8689f{HTTP/1.1, (http/1.1)}{127.0.0.1:0}
2021-04-14 14:18:28,255 [Stop Help Server] INFO  org.eclipse.jetty.server.session - node0 Stopped scavenging
2021-04-14 14:18:28,273 [Stop Help Server] INFO  o.e.j.server.handler.ContextHandler - Stopped o.e.j.s.ServletContextHandler@110497e2{/help,null,UNAVAILABLE}
2021-04-14 14:19:05,887 [Worker-0: Loading available Gradle versions] INFO  o.e.b.c.i.u.g.PublishedGradleVersions - Gradle version information cache is up-to-date. Trying to read.
2021-04-14 14:34:31,754 [Worker-8: Loading available Gradle versions] INFO  o.e.b.c.i.u.g.PublishedGradleVersions - Gradle version information cache is up-to-date. Trying to read.
2021-04-14 15:19:01,628 [Start Help Server] INFO  org.eclipse.jetty.util.log - Logging initialized @2682578ms to org.eclipse.jetty.util.log.Slf4jLog
2021-04-14 15:19:02,301 [Start Help Server] INFO  org.eclipse.jetty.server.Server - jetty-9.4.29.v20200521; built: 2020-05-27T11:26:53.365Z; git: 77c232aed8a45c818fd27232278d9f95a021095e; jvm 1.8.0_281-b09
2021-04-14 15:19:02,327 [Start Help Server] INFO  org.eclipse.jetty.server.session - DefaultSessionIdManager workerName=node0
2021-04-14 15:19:02,327 [Start Help Server] INFO  org.eclipse.jetty.server.session - No SessionScavenger set, using defaults
2021-04-14 15:19:02,328 [Start Help Server] INFO  org.eclipse.jetty.server.session - node0 Scavenging every 660000ms
2021-04-14 15:19:02,363 [Start Help Server] INFO  o.e.j.server.handler.ContextHandler - Started o.e.j.s.ServletContextHandler@57037ea8{/help,null,AVAILABLE}
2021-04-14 15:19:02,381 [Start Help Server] INFO  o.e.jetty.server.AbstractConnector - Started ServerConnector@4a0726e4{HTTP/1.1, (http/1.1)}{127.0.0.1:54703}
2021-04-14 15:19:02,381 [Start Help Server] INFO  org.eclipse.jetty.server.Server - Started @2683353ms
2021-04-14 15:19:02,382 [Start Help Server] INFO  org.eclipse.jetty.server.session - node0 Scavenging every 726000ms
2021-04-14 17:43:32,793 [Stop Help Server] INFO  o.e.jetty.server.AbstractConnector - Stopped ServerConnector@4a0726e4{HTTP/1.1, (http/1.1)}{127.0.0.1:0}
2021-04-14 17:43:32,794 [Stop Help Server] INFO  org.eclipse.jetty.server.session - node0 Stopped scavenging
2021-04-14 17:43:32,921 [Stop Help Server] INFO  o.e.j.server.handler.ContextHandler - Stopped o.e.j.s.ServletContextHandler@57037ea8{/help,null,UNAVAILABLE}
2021-04-14 20:11:56,838 [Worker-2: Loading available Gradle versions] INFO  o.e.b.c.i.u.g.PublishedGradleVersions - Gradle version information cache is out-of-date. Trying to update.
2021-04-15 09:22:31,188 [Start Help Server] INFO  org.eclipse.jetty.util.log - Logging initialized @47507128ms to org.eclipse.jetty.util.log.Slf4jLog
2021-04-15 09:22:31,525 [Start Help Server] INFO  org.eclipse.jetty.server.Server - jetty-9.4.29.v20200521; built: 2020-05-27T11:26:53.365Z; git: 77c232aed8a45c818fd27232278d9f95a021095e; jvm 1.8.0_281-b09
2021-04-15 09:22:31,545 [Start Help Server] INFO  org.eclipse.jetty.server.session - DefaultSessionIdManager workerName=node0
2021-04-15 09:22:31,545 [Start Help Server] INFO  org.eclipse.jetty.server.session - No SessionScavenger set, using defaults
2021-04-15 09:22:31,546 [Start Help Server] INFO  org.eclipse.jetty.server.session - node0 Scavenging every 600000ms
2021-04-15 09:22:31,578 [Start Help Server] INFO  o.e.j.server.handler.ContextHandler - Started o.e.j.s.ServletContextHandler@672fee38{/help,null,AVAILABLE}
2021-04-15 09:22:31,602 [Start Help Server] INFO  o.e.jetty.server.AbstractConnector - Started ServerConnector@4f56bf4b{HTTP/1.1, (http/1.1)}{127.0.0.1:55108}
2021-04-15 09:22:31,602 [Start Help Server] INFO  org.eclipse.jetty.server.Server - Started @47507560ms
2021-04-15 09:22:31,602 [Start Help Server] INFO  org.eclipse.jetty.server.session - node0 Scavenging every 660000ms
2021-04-15 17:45:44,122 [Stop Help Server] INFO  o.e.jetty.server.AbstractConnector - Stopped ServerConnector@4f56bf4b{HTTP/1.1, (http/1.1)}{127.0.0.1:0}
2021-04-15 17:45:44,123 [Stop Help Server] INFO  org.eclipse.jetty.server.session - node0 Stopped scavenging
2021-04-15 17:45:44,174 [Stop Help Server] INFO  o.e.j.server.handler.ContextHandler - Stopped o.e.j.s.ServletContextHandler@672fee38{/help,null,UNAVAILABLE}
2021-04-15 21:53:42,129 [Worker-3: Loading available Gradle versions] INFO  o.e.b.c.i.u.g.PublishedGradleVersions - Gradle version information cache is out-of-date. Trying to update.
2021-04-15 22:00:20,724 [Start Help Server] INFO  org.eclipse.jetty.util.log - Logging initialized @464002ms to org.eclipse.jetty.util.log.Slf4jLog
2021-04-15 22:00:20,930 [Start Help Server] INFO  org.eclipse.jetty.server.Server - jetty-9.4.29.v20200521; built: 2020-05-27T11:26:53.365Z; git: 77c232aed8a45c818fd27232278d9f95a021095e; jvm 1.8.0_281-b09
2021-04-15 22:00:20,973 [Start Help Server] INFO  org.eclipse.jetty.server.session - DefaultSessionIdManager workerName=node0
2021-04-15 22:00:20,973 [Start Help Server] INFO  org.eclipse.jetty.server.session - No SessionScavenger set, using defaults
2021-04-15 22:00:20,975 [Start Help Server] INFO  org.eclipse.jetty.server.session - node0 Scavenging every 660000ms
2021-04-15 22:00:21,032 [Start Help Server] INFO  o.e.j.server.handler.ContextHandler - Started o.e.j.s.ServletContextHandler@a6debb4{/help,null,AVAILABLE}
2021-04-15 22:00:21,057 [Start Help Server] INFO  o.e.jetty.server.AbstractConnector - Started ServerConnector@6348dfa4{HTTP/1.1, (http/1.1)}{127.0.0.1:61203}
2021-04-15 22:00:21,057 [Start Help Server] INFO  org.eclipse.jetty.server.Server - Started @464338ms
2021-04-15 22:00:21,057 [Start Help Server] INFO  org.eclipse.jetty.server.session - node0 Scavenging every 660000ms
2021-04-15 22:14:28,806 [Stop Help Server] INFO  o.e.jetty.server.AbstractConnector - Stopped ServerConnector@6348dfa4{HTTP/1.1, (http/1.1)}{127.0.0.1:0}
2021-04-15 22:14:28,807 [Stop Help Server] INFO  org.eclipse.jetty.server.session - node0 Stopped scavenging
2021-04-15 22:14:28,824 [Stop Help Server] INFO  o.e.j.server.handler.ContextHandler - Stopped o.e.j.s.ServletContextHandler@a6debb4{/help,null,UNAVAILABLE}
2021-04-16 09:06:19,497 [Worker-6: Loading available Gradle versions] INFO  o.e.b.c.i.u.g.PublishedGradleVersions - Gradle version information cache is up-to-date. Trying to read.
2021-04-16 09:45:10,457 [Start Help Server] INFO  org.eclipse.jetty.util.log - Logging initialized @2361913ms to org.eclipse.jetty.util.log.Slf4jLog
2021-04-16 09:45:10,602 [Start Help Server] INFO  org.eclipse.jetty.server.Server - jetty-9.4.29.v20200521; built: 2020-05-27T11:26:53.365Z; git: 77c232aed8a45c818fd27232278d9f95a021095e; jvm 1.8.0_281-b09
2021-04-16 09:45:10,621 [Start Help Server] INFO  org.eclipse.jetty.server.session - DefaultSessionIdManager workerName=node0
2021-04-16 09:45:10,621 [Start Help Server] INFO  org.eclipse.jetty.server.session - No SessionScavenger set, using defaults
2021-04-16 09:45:10,622 [Start Help Server] INFO  org.eclipse.jetty.server.session - node0 Scavenging every 600000ms
2021-04-16 09:45:10,653 [Start Help Server] INFO  o.e.j.server.handler.ContextHandler - Started o.e.j.s.ServletContextHandler@38187532{/help,null,AVAILABLE}
2021-04-16 09:45:10,677 [Start Help Server] INFO  o.e.jetty.server.AbstractConnector - Started ServerConnector@7a61797{HTTP/1.1, (http/1.1)}{127.0.0.1:62118}
2021-04-16 09:45:10,677 [Start Help Server] INFO  org.eclipse.jetty.server.Server - Started @2362135ms
2021-04-16 09:45:10,678 [Start Help Server] INFO  org.eclipse.jetty.server.session - node0 Scavenging every 660000ms
2021-04-16 17:14:28,323 [Stop Help Server] INFO  o.e.jetty.server.AbstractConnector - Stopped ServerConnector@7a61797{HTTP/1.1, (http/1.1)}{127.0.0.1:0}
2021-04-16 17:14:28,323 [Stop Help Server] INFO  org.eclipse.jetty.server.session - node0 Stopped scavenging
2021-04-16 17:14:28,427 [Stop Help Server] INFO  o.e.j.server.handler.ContextHandler - Stopped o.e.j.s.ServletContextHandler@38187532{/help,null,UNAVAILABLE}
2021-04-19 12:34:13,402 [Worker-5: Loading available Gradle versions] INFO  o.e.b.c.i.u.g.PublishedGradleVersions - Gradle version information cache is out-of-date. Trying to update.
2021-04-19 12:35:49,905 [Start Help Server] INFO  org.eclipse.jetty.util.log - Logging initialized @142420ms to org.eclipse.jetty.util.log.Slf4jLog
2021-04-19 12:35:50,057 [Start Help Server] INFO  org.eclipse.jetty.server.Server - jetty-9.4.29.v20200521; built: 2020-05-27T11:26:53.365Z; git: 77c232aed8a45c818fd27232278d9f95a021095e; jvm 1.8.0_281-b09
2021-04-19 12:35:50,077 [Start Help Server] INFO  org.eclipse.jetty.server.session - DefaultSessionIdManager workerName=node0
2021-04-19 12:35:50,077 [Start Help Server] INFO  org.eclipse.jetty.server.session - No SessionScavenger set, using defaults
2021-04-19 12:35:50,078 [Start Help Server] INFO  org.eclipse.jetty.server.session - node0 Scavenging every 660000ms
2021-04-19 12:35:50,124 [Start Help Server] INFO  o.e.j.server.handler.ContextHandler - Started o.e.j.s.ServletContextHandler@7a64aeba{/help,null,AVAILABLE}
2021-04-19 12:35:50,144 [Start Help Server] INFO  o.e.jetty.server.AbstractConnector - Started ServerConnector@3e0c7f{HTTP/1.1, (http/1.1)}{127.0.0.1:51260}
2021-04-19 12:35:50,144 [Start Help Server] INFO  org.eclipse.jetty.server.Server - Started @142662ms
2021-04-19 12:35:50,145 [Start Help Server] INFO  org.eclipse.jetty.server.session - node0 Scavenging every 660000ms
2021-04-19 17:41:53,195 [Stop Help Server] INFO  o.e.jetty.server.AbstractConnector - Stopped ServerConnector@3e0c7f{HTTP/1.1, (http/1.1)}{127.0.0.1:0}
2021-04-19 17:41:53,195 [Stop Help Server] INFO  org.eclipse.jetty.server.session - node0 Stopped scavenging
2021-04-19 17:41:53,215 [Stop Help Server] INFO  o.e.j.server.handler.ContextHandler - Stopped o.e.j.s.ServletContextHandler@7a64aeba{/help,null,UNAVAILABLE}
